2017-11-13 01:44:31 +0000  Initial pipeline context: <IDEDistributionProcessingPipelineContext: 0x7fdf8ce6ed50; archive(resolved)='<IDEArchive: 0x7fdf95ec4a10>', distributionTask(resolved)='2', distributionMethod(resolved)='<IDEDistributionMethodiOSEnterprise: 0x7fdf8e15de90>', team(resolved)='<IDEProvisioningBasicTeam 0x7fdf7af797c0: teamID: 6VJABKFRS2, teamName: Beijing Taiheng Technologies Co., Ltd.>'>
	Chain (11, self inclusive):
	<IDEDistributionProcessingPipelineContext: 0x7fdf8ce6ed50; archive = '<IDEArchive: 0x7fdf95ec4a10>', distributionMethod='<IDEDistributionMethodiOSEnterprise: 0x7fdf8e15de90>', team='<IDEProvisioningBasicTeam 0x7fdf7af797c0: teamID: 6VJABKFRS2, teamName: Beijing Taiheng Technologies Co., Ltd.>'>
	<IDEDistributionProcessingPipelineContext: 0x7fdf955e57e0; archive = '<IDEArchive: 0x7fdf95ec4a10>', distributionMethod='<IDEDistributionMethodiOSEnterprise: 0x7fdf8e15de90>', team='<IDEProvisioningBasicTeam 0x7fdf7af797c0: teamID: 6VJABKFRS2, teamName: Beijing Taiheng Technologies Co., Ltd.>'>
	<IDEDistributionContext: 0x7fdf7af77220; archive = '<IDEArchive: 0x7fdf95ec4a10>', distributionMethod='<IDEDistributionMethodiOSEnterprise: 0x7fdf8e15de90>', team='<IDEProvisioningBasicTeam 0x7fdf7af797c0: teamID: 6VJABKFRS2, teamName: Beijing Taiheng Technologies Co., Ltd.>'>
	<IDEDistributionContext: 0x7fdf923f0d20; archive = '<IDEArchive: 0x7fdf95ec4a10>', distributionMethod='<IDEDistributionMethodiOSEnterprise: 0x7fdf8e15de90>', team='<IDEProvisioningBasicTeam 0x7fdf7af797c0: teamID: 6VJABKFRS2, teamName: Beijing Taiheng Technologies Co., Ltd.>'>
	<IDEDistributionContext: 0x7fdf795858d0; archive = '<IDEArchive: 0x7fdf95ec4a10>', distributionMethod='<IDEDistributionMethodiOSEnterprise: 0x7fdf8e15de90>', team='<IDEProvisioningBasicTeam 0x7fdf7af797c0: teamID: 6VJABKFRS2, teamName: Beijing Taiheng Technologies Co., Ltd.>'>
	<IDEDistributionContext: 0x7fdf95322530; archive = '<IDEArchive: 0x7fdf95ec4a10>', distributionMethod='<IDEDistributionMethodiOSEnterprise: 0x7fdf8e15de90>', team='<IDEProvisioningBasicTeam 0x7fdf7af797c0: teamID: 6VJABKFRS2, teamName: Beijing Taiheng Technologies Co., Ltd.>'>
	<IDEDistributionContext: 0x7fdf924185c0; archive = '<IDEArchive: 0x7fdf95ec4a10>', distributionMethod='<IDEDistributionMethodiOSEnterprise: 0x7fdf8e15de90>', team='<IDEProvisioningBasicTeam 0x7fdf7af797c0: teamID: 6VJABKFRS2, teamName: Beijing Taiheng Technologies Co., Ltd.>'>
	<IDEDistributionContext: 0x7fdf93989eb0; archive = '<IDEArchive: 0x7fdf95ec4a10>', distributionMethod='<IDEDistributionMethodiOSEnterprise: 0x7fdf8e15de90>', team='<IDEProvisioningBasicTeam 0x7fdf7af797c0: teamID: 6VJABKFRS2, teamName: Beijing Taiheng Technologies Co., Ltd.>'>
	<IDEDistributionContext: 0x7fdf962cb290; archive = '<IDEArchive: 0x7fdf95ec4a10>', distributionMethod='<IDEDistributionMethodiOSEnterprise: 0x7fdf8e15de90>', team='<IDEProvisioningBasicTeam 0x7fdf7af797c0: teamID: 6VJABKFRS2, teamName: Beijing Taiheng Technologies Co., Ltd.>'>
	<IDEDistributionContext: 0x7fdf9595a830; archive = '<IDEArchive: 0x7fdf95ec4a10>', distributionMethod='<IDEDistributionMethodiOSEnterprise: 0x7fdf8e15de90>', team='(null)'>
	<IDEDistributionContext: 0x7fdf7a9521d0; archive = '<IDEArchive: 0x7fdf95ec4a10>', distributionMethod='(null)', team='(null)'>
</IDEDistributionProcessingPipelineContext: 0x7fdf8ce6ed50>
2017-11-13 01:44:31 +0000  Processing step: IDEDistributionCreateDestRootStep
2017-11-13 01:44:31 +0000  Processing step: IDEDistributionCopyItemStep
2017-11-13 01:44:31 +0000  Running /usr/bin/ditto '-V' '/Users/mafeng/Library/Developer/Xcode/Archives/2017-11-13/cheDianZhang 2017-11-13 上午9.42.xcarchive/Products/Applications/cheDianZhang.app' '/var/folders/z8/l52nvf4s7ns_8_qh1d_x7zfw0000gn/T/XcodeDistPipeline.bUG/Root/Payload/cheDianZhang.app'
2017-11-13 01:44:31 +0000  >>> Copying /Users/mafeng/Library/Developer/Xcode/Archives/2017-11-13/cheDianZhang 2017-11-13 上午9.42.xcarchive/Products/Applications/cheDianZhang.app 
2017-11-13 01:44:31 +0000  copying file ./_CodeSignature/CodeResources ... 
2017-11-13 01:44:31 +0000  17419 bytes for ./_CodeSignature/CodeResources
2017-11-13 01:44:31 +0000  copying file ./Address.txt ... 
31344 bytes for ./Address.txt
2017-11-13 01:44:31 +0000  copying file ./AdminDiv.txt ... 
2017-11-13 01:44:31 +0000  36010 bytes for ./AdminDiv.txt
copying file ./AdminDivCode.txt ... 
2017-11-13 01:44:31 +0000  27594 bytes for ./AdminDivCode.txt
copying file ./AppIcon20x20@2x.png ... 
2017-11-13 01:44:31 +0000  793 bytes for ./AppIcon20x20@2x.png
copying file ./AppIcon40x40@2x.png ... 
2017-11-13 01:44:31 +0000  2132 bytes for ./AppIcon40x40@2x.png
2017-11-13 01:44:31 +0000  copying file ./AppIcon40x40@3x.png ... 
2634 bytes for ./AppIcon40x40@3x.png
copying file ./AppIcon60x60@2x.png ... 
2017-11-13 01:44:31 +0000  2634 bytes for ./AppIcon60x60@2x.png
copying file ./AppIcon60x60@3x.png ... 
2017-11-13 01:44:31 +0000  4031 bytes for ./AppIcon60x60@3x.png
copying file ./archived-expanded-entitlements.xcent ... 
2017-11-13 01:44:31 +0000  246 bytes for ./archived-expanded-entitlements.xcent
copying file ./Assets.car ... 
2017-11-13 01:44:31 +0000  726776 bytes for ./Assets.car
2017-11-13 01:44:31 +0000  copying file ./Base.lproj/LaunchScreen.storyboardc/01J-lp-oVM-view-Ze5-6b-2t3.nib ... 
2017-11-13 01:44:31 +0000  1790 bytes for ./Base.lproj/LaunchScreen.storyboardc/01J-lp-oVM-view-Ze5-6b-2t3.nib
copying file ./Base.lproj/LaunchScreen.storyboardc/Info.plist ... 
258 bytes for ./Base.lproj/LaunchScreen.storyboardc/Info.plist
copying file ./Base.lproj/LaunchScreen.storyboardc/UIViewController-01J-lp-oVM.nib ... 
2017-11-13 01:44:31 +0000  832 bytes for ./Base.lproj/LaunchScreen.storyboardc/UIViewController-01J-lp-oVM.nib
2017-11-13 01:44:31 +0000  copying file ./Base.lproj/Main.storyboardc/BYZ-38-t0r-view-8bC-Xf-vdC.nib ... 
2017-11-13 01:44:31 +0000  1791 bytes for ./Base.lproj/Main.storyboardc/BYZ-38-t0r-view-8bC-Xf-vdC.nib
copying file ./Base.lproj/Main.storyboardc/Info.plist ... 
258 bytes for ./Base.lproj/Main.storyboardc/Info.plist
copying file ./Base.lproj/Main.storyboardc/UIViewController-BYZ-38-t0r.nib ... 
2017-11-13 01:44:31 +0000  916 bytes for ./Base.lproj/Main.storyboardc/UIViewController-BYZ-38-t0r.nib
2017-11-13 01:44:31 +0000  copying file ./BrandModel.txt ... 
2017-11-13 01:44:31 +0000  3806 bytes for ./BrandModel.txt
2017-11-13 01:44:31 +0000  copying file ./bt_next@2x.png ... 
910 bytes for ./bt_next@2x.png
copying file ./bt_previous@2x.png ... 
2017-11-13 01:44:31 +0000  914 bytes for ./bt_previous@2x.png
2017-11-13 01:44:31 +0000  copying file ./cheDianZhang ... 
2017-11-13 01:44:31 +0000  13711856 bytes for ./cheDianZhang
2017-11-13 01:44:31 +0000  copying file ./EBBannerView.nib ... 
8728 bytes for ./EBBannerView.nib
copying file ./EBMute.mp3 ... 
1706 bytes for ./EBMute.mp3
copying file ./embedded.mobileprovision ... 
14758 bytes for ./embedded.mobileprovision
copying file ./IDCARDMS.xml ... 
2017-11-13 01:44:31 +0000  5761367 bytes for ./IDCARDMS.xml
2017-11-13 01:44:31 +0000  copying file ./IDCARDMS_ABROAD.xml ... 
2017-11-13 01:44:31 +0000  3188674 bytes for ./IDCARDMS_ABROAD.xml
copying file ./IDCLASSIFIERANDROID.xml ... 
65691 bytes for ./IDCLASSIFIERANDROID.xml
copying file ./IDKDevice.dat ... 
1679 bytes for ./IDKDevice.dat
copying file ./IDKLICENSE.dat ... 
218 bytes for ./IDKLICENSE.dat
copying file ./Info.plist ... 
1788 bytes for ./Info.plist
copying file ./IssueAndBirth.txt ... 
1506 bytes for ./IssueAndBirth.txt
copying file ./LaunchImage-700-568h@2x.png ... 
25494 bytes for ./LaunchImage-700-568h@2x.png
copying file ./LaunchImage-700@2x.png ... 
24794 bytes for ./LaunchImage-700@2x.png
2017-11-13 01:44:31 +0000  copying file ./LaunchImage-800-667h@2x.png ... 
26993 bytes for ./LaunchImage-800-667h@2x.png
copying file ./LaunchImage-800-Portrait-736h@3x.png ... 
2017-11-13 01:44:31 +0000  53104 bytes for ./LaunchImage-800-Portrait-736h@3x.png
2017-11-13 01:44:31 +0000  copying file ./MJRefresh.bundle/arrow@2x.png ... 
2017-11-13 01:44:31 +0000  1033 bytes for ./MJRefresh.bundle/arrow@2x.png
copying file ./OEMtest.txt ... 
2017-11-13 01:44:31 +0000  1270 bytes for ./OEMtest.txt
copying file ./PkgInfo ... 
2017-11-13 01:44:31 +0000  8 bytes for ./PkgInfo
copying file ./pntWTPENPDA.lib ... 
2017-11-13 01:44:31 +0000  2535560 bytes for ./pntWTPENPDA.lib
2017-11-13 01:44:31 +0000  copying file ./ProvName.txt ... 
72392 bytes for ./ProvName.txt
copying file ./README.md ... 
5316 bytes for ./README.md
copying file ./SidIssueAuthority.txt ... 
59804 bytes for ./SidIssueAuthority.txt
copying file ./Special.txt ... 
628 bytes for ./Special.txt
copying file ./SZCalendarPicker.nib ... 
4770 bytes for ./SZCalendarPicker.nib
copying file ./thocr_Driver_License.lib ... 
2017-11-13 01:44:31 +0000  97616 bytes for ./thocr_Driver_License.lib
copying file ./THOCR_LP.lib ... 
2017-11-13 01:44:31 +0000  72800 bytes for ./THOCR_LP.lib
copying file ./THOCR_Num_Char.lib ... 
2017-11-13 01:44:31 +0000  100154 bytes for ./THOCR_Num_Char.lib
copying file ./THOCR_PDA.lib ... 
2017-11-13 01:44:31 +0000  129284 bytes for ./THOCR_PDA.lib
2017-11-13 01:44:31 +0000  copying file ./THOCR_pspt.lib ... 
2017-11-13 01:44:31 +0000  65776 bytes for ./THOCR_pspt.lib
2017-11-13 01:44:31 +0000  copying file ./thocr_sid.lib ... 
2017-11-13 01:44:31 +0000  1139838 bytes for ./thocr_sid.lib
copying file ./thocr_vl_all.lib ... 
2017-11-13 01:44:31 +0000  1131894 bytes for ./thocr_vl_all.lib
2017-11-13 01:44:31 +0000  copying file ./thocr_vl_digit_capitals.lib ... 
65300 bytes for ./thocr_vl_digit_capitals.lib
copying file ./thocr_vl_province.lib ... 
2017-11-13 01:44:31 +0000  62660 bytes for ./thocr_vl_province.lib
copying file ./wtproject.lsc ... 
2017-11-13 01:44:31 +0000  659 bytes for ./wtproject.lsc
2017-11-13 01:44:31 +0000  /usr/bin/ditto exited with 0
2017-11-13 01:44:31 +0000  Processing step: IDEDistributionEmbedProfileStep
2017-11-13 01:44:31 +0000  Processing step: IDEDistributionAppThinningPlistStep
2017-11-13 01:44:31 +0000  Skipping step: IDEDistributionAppThinningPlistStep because it said so
2017-11-13 01:44:31 +0000  Processing step: IDEDistributionCompileBitcodeStep
2017-11-13 01:44:31 +0000  Skipping step: IDEDistributionCompileBitcodeStep because it said so
2017-11-13 01:44:31 +0000  Processing step: IDEDistributionCodeSlimmingStep
2017-11-13 01:44:31 +0000  Processing step: IDEDistributionCopyBCSymbolMapsStep
2017-11-13 01:44:31 +0000  Skipping step: IDEDistributionCopyBCSymbolMapsStep because it said so
2017-11-13 01:44:31 +0000  Processing step: IDEDistributionSymbolsStep
2017-11-13 01:44:31 +0000  Skipping step: IDEDistributionSymbolsStep because it said so
2017-11-13 01:44:31 +0000  Processing step: IDEDistributionAppThinningStep
2017-11-13 01:44:31 +0000  Skipping step: IDEDistributionAppThinningStep because it said so
2017-11-13 01:44:31 +0000  Processing step: IDEDistributionODRStep
2017-11-13 01:44:31 +0000  Processing step: IDEDistributionStripXattrsStep
2017-11-13 01:44:31 +0000  Running /usr/bin/xattr '-cr' '/var/folders/z8/l52nvf4s7ns_8_qh1d_x7zfw0000gn/T/XcodeDistPipeline.bUG/Root/Payload/cheDianZhang.app'
2017-11-13 01:44:31 +0000  /usr/bin/xattr exited with 0
2017-11-13 01:44:31 +0000  Processing step: IDEDistributionCodesignStep
2017-11-13 01:44:31 +0000  Applying entitlements delta for <IDEDistributionItem: 0x7fdf953c1cf0 'com.taiyu365.dajiang' '<DVTFilePath:0x7fdf9843d730:'/Users/mafeng/Library/Developer/Xcode/Archives/2017-11-13/cheDianZhang 2017-11-13 上午9.42.xcarchive/Products/Applications/cheDianZhang.app'>'> from <IDEiCloudEntitlementsProcessor: 0x7fdf953da4e0>: {
}
2017-11-13 01:44:31 +0000  Entitlements for <IDEDistributionItem: 0x7fdf953c1cf0 'com.taiyu365.dajiang' '<DVTFilePath:0x7fdf9843d730:'/Users/mafeng/Library/Developer/Xcode/Archives/2017-11-13/cheDianZhang 2017-11-13 上午9.42.xcarchive/Products/Applications/cheDianZhang.app'>'>: {
    "application-identifier" = "6VJABKFRS2.com.taiyu365.dajiang";
    "aps-environment" = production;
    "com.apple.developer.team-identifier" = 6VJABKFRS2;
    "get-task-allow" = 0;
}
2017-11-13 01:44:31 +0000  Writing entitlements for <IDEDistributionItem: 0x7fdf953c1cf0 'com.taiyu365.dajiang' '<DVTFilePath:0x7fdf9843d730:'/Users/mafeng/Library/Developer/Xcode/Archives/2017-11-13/cheDianZhang 2017-11-13 上午9.42.xcarchive/Products/Applications/cheDianZhang.app'>'> to: /var/folders/z8/l52nvf4s7ns_8_qh1d_x7zfw0000gn/T/XcodeDistPipeline.bUG/entitlementsPGDhLD
2017-11-13 01:44:31 +0000  Running /usr/bin/codesign '-vvv' '--force' '--sign' 'FE597130B79A4EF0E98B803F360067CDD9D42A81' '--preserve-metadata=identifier,flags' '--entitlements' '/var/folders/z8/l52nvf4s7ns_8_qh1d_x7zfw0000gn/T/XcodeDistPipeline.bUG/entitlementsPGDhLD' '/var/folders/z8/l52nvf4s7ns_8_qh1d_x7zfw0000gn/T/XcodeDistPipeline.bUG/Root/Payload/cheDianZhang.app'
2017-11-13 01:44:31 +0000  /var/folders/z8/l52nvf4s7ns_8_qh1d_x7zfw0000gn/T/XcodeDistPipeline.bUG/Root/Payload/cheDianZhang.app: replacing existing signature
2017-11-13 01:44:32 +0000  /var/folders/z8/l52nvf4s7ns_8_qh1d_x7zfw0000gn/T/XcodeDistPipeline.bUG/Root/Payload/cheDianZhang.app: signed app bundle with Mach-O universal (armv7 arm64) [com.taiyu365.dajiang]
2017-11-13 01:44:32 +0000  /usr/bin/codesign exited with 0
2017-11-13 01:44:32 +0000  Processing step: IDEDistributionStreamingZipItemStep
2017-11-13 01:44:32 +0000  Skipping step: IDEDistributionStreamingZipItemStep because it said so
2017-11-13 01:44:32 +0000  Processing step: IDEDistributionCreateIPAStep
2017-11-13 01:44:32 +0000  Running /usr/bin/ditto '-V' '-c' '-k' '--norsrc' '/var/folders/z8/l52nvf4s7ns_8_qh1d_x7zfw0000gn/T/XcodeDistPipeline.bUG/Root' '/var/folders/z8/l52nvf4s7ns_8_qh1d_x7zfw0000gn/T/XcodeDistPipeline.bUG/Packages/cheDianZhang.ipa'
2017-11-13 01:44:32 +0000  >>> Copying /var/folders/z8/l52nvf4s7ns_8_qh1d_x7zfw0000gn/T/XcodeDistPipeline.bUG/Root 
2017-11-13 01:44:32 +0000  copying file ./Payload/cheDianZhang.app/_CodeSignature/CodeResources ... 
2017-11-13 01:44:32 +0000  17419 bytes for ./Payload/cheDianZhang.app/_CodeSignature/CodeResources
copying file ./Payload/cheDianZhang.app/Address.txt ... 
2017-11-13 01:44:32 +0000  31344 bytes for ./Payload/cheDianZhang.app/Address.txt
copying file ./Payload/cheDianZhang.app/AdminDiv.txt ... 
2017-11-13 01:44:32 +0000  36010 bytes for ./Payload/cheDianZhang.app/AdminDiv.txt
2017-11-13 01:44:32 +0000  copying file ./Payload/cheDianZhang.app/AdminDivCode.txt ... 
2017-11-13 01:44:32 +0000  27594 bytes for ./Payload/cheDianZhang.app/AdminDivCode.txt
2017-11-13 01:44:32 +0000  copying file ./Payload/cheDianZhang.app/AppIcon20x20@2x.png ... 
793 bytes for ./Payload/cheDianZhang.app/AppIcon20x20@2x.png
copying file ./Payload/cheDianZhang.app/AppIcon40x40@2x.png ... 
2017-11-13 01:44:32 +0000  2132 bytes for ./Payload/cheDianZhang.app/AppIcon40x40@2x.png
copying file ./Payload/cheDianZhang.app/AppIcon40x40@3x.png ... 
2017-11-13 01:44:32 +0000  2634 bytes for ./Payload/cheDianZhang.app/AppIcon40x40@3x.png
copying file ./Payload/cheDianZhang.app/AppIcon60x60@2x.png ... 
2017-11-13 01:44:32 +0000  2634 bytes for ./Payload/cheDianZhang.app/AppIcon60x60@2x.png
copying file ./Payload/cheDianZhang.app/AppIcon60x60@3x.png ... 
2017-11-13 01:44:32 +0000  4031 bytes for ./Payload/cheDianZhang.app/AppIcon60x60@3x.png
copying file ./Payload/cheDianZhang.app/archived-expanded-entitlements.xcent ... 
246 bytes for ./Payload/cheDianZhang.app/archived-expanded-entitlements.xcent
copying file ./Payload/cheDianZhang.app/Assets.car ... 
2017-11-13 01:44:32 +0000  726776 bytes for ./Payload/cheDianZhang.app/Assets.car
2017-11-13 01:44:32 +0000  copying file ./Payload/cheDianZhang.app/Base.lproj/LaunchScreen.storyboardc/01J-lp-oVM-view-Ze5-6b-2t3.nib ... 
1790 bytes for ./Payload/cheDianZhang.app/Base.lproj/LaunchScreen.storyboardc/01J-lp-oVM-view-Ze5-6b-2t3.nib
copying file ./Payload/cheDianZhang.app/Base.lproj/LaunchScreen.storyboardc/Info.plist ... 
258 bytes for ./Payload/cheDianZhang.app/Base.lproj/LaunchScreen.storyboardc/Info.plist
copying file ./Payload/cheDianZhang.app/Base.lproj/LaunchScreen.storyboardc/UIViewController-01J-lp-oVM.nib ... 
2017-11-13 01:44:32 +0000  832 bytes for ./Payload/cheDianZhang.app/Base.lproj/LaunchScreen.storyboardc/UIViewController-01J-lp-oVM.nib
copying file ./Payload/cheDianZhang.app/Base.lproj/Main.storyboardc/BYZ-38-t0r-view-8bC-Xf-vdC.nib ... 
1791 bytes for ./Payload/cheDianZhang.app/Base.lproj/Main.storyboardc/BYZ-38-t0r-view-8bC-Xf-vdC.nib
copying file ./Payload/cheDianZhang.app/Base.lproj/Main.storyboardc/Info.plist ... 
2017-11-13 01:44:32 +0000  258 bytes for ./Payload/cheDianZhang.app/Base.lproj/Main.storyboardc/Info.plist
copying file ./Payload/cheDianZhang.app/Base.lproj/Main.storyboardc/UIViewController-BYZ-38-t0r.nib ... 
2017-11-13 01:44:32 +0000  916 bytes for ./Payload/cheDianZhang.app/Base.lproj/Main.storyboardc/UIViewController-BYZ-38-t0r.nib
copying file ./Payload/cheDianZhang.app/BrandModel.txt ... 
2017-11-13 01:44:32 +0000  3806 bytes for ./Payload/cheDianZhang.app/BrandModel.txt
copying file ./Payload/cheDianZhang.app/bt_next@2x.png ... 
910 bytes for ./Payload/cheDianZhang.app/bt_next@2x.png
copying file ./Payload/cheDianZhang.app/bt_previous@2x.png ... 
2017-11-13 01:44:32 +0000  914 bytes for ./Payload/cheDianZhang.app/bt_previous@2x.png
copying file ./Payload/cheDianZhang.app/cheDianZhang ... 
2017-11-13 01:44:32 +0000  13711888 bytes for ./Payload/cheDianZhang.app/cheDianZhang
copying file ./Payload/cheDianZhang.app/EBBannerView.nib ... 
2017-11-13 01:44:32 +0000  8728 bytes for ./Payload/cheDianZhang.app/EBBannerView.nib
copying file ./Payload/cheDianZhang.app/EBMute.mp3 ... 
1706 bytes for ./Payload/cheDianZhang.app/EBMute.mp3
copying file ./Payload/cheDianZhang.app/embedded.mobileprovision ... 
9534 bytes for ./Payload/cheDianZhang.app/embedded.mobileprovision
copying file ./Payload/cheDianZhang.app/IDCARDMS.xml ... 
2017-11-13 01:44:33 +0000  5761367 bytes for ./Payload/cheDianZhang.app/IDCARDMS.xml
copying file ./Payload/cheDianZhang.app/IDCARDMS_ABROAD.xml ... 
2017-11-13 01:44:33 +0000  3188674 bytes for ./Payload/cheDianZhang.app/IDCARDMS_ABROAD.xml
copying file ./Payload/cheDianZhang.app/IDCLASSIFIERANDROID.xml ... 
2017-11-13 01:44:33 +0000  65691 bytes for ./Payload/cheDianZhang.app/IDCLASSIFIERANDROID.xml
copying file ./Payload/cheDianZhang.app/IDKDevice.dat ... 
2017-11-13 01:44:33 +0000  1679 bytes for ./Payload/cheDianZhang.app/IDKDevice.dat
copying file ./Payload/cheDianZhang.app/IDKLICENSE.dat ... 
218 bytes for ./Payload/cheDianZhang.app/IDKLICENSE.dat
copying file ./Payload/cheDianZhang.app/Info.plist ... 
1788 bytes for ./Payload/cheDianZhang.app/Info.plist
copying file ./Payload/cheDianZhang.app/IssueAndBirth.txt ... 
2017-11-13 01:44:33 +0000  1506 bytes for ./Payload/cheDianZhang.app/IssueAndBirth.txt
copying file ./Payload/cheDianZhang.app/LaunchImage-700-568h@2x.png ... 
2017-11-13 01:44:33 +0000  25494 bytes for ./Payload/cheDianZhang.app/LaunchImage-700-568h@2x.png
copying file ./Payload/cheDianZhang.app/LaunchImage-700@2x.png ... 
2017-11-13 01:44:33 +0000  24794 bytes for ./Payload/cheDianZhang.app/LaunchImage-700@2x.png
copying file ./Payload/cheDianZhang.app/LaunchImage-800-667h@2x.png ... 
2017-11-13 01:44:33 +0000  26993 bytes for ./Payload/cheDianZhang.app/LaunchImage-800-667h@2x.png
2017-11-13 01:44:33 +0000  copying file ./Payload/cheDianZhang.app/LaunchImage-800-Portrait-736h@3x.png ... 
2017-11-13 01:44:33 +0000  53104 bytes for ./Payload/cheDianZhang.app/LaunchImage-800-Portrait-736h@3x.png
2017-11-13 01:44:33 +0000  copying file ./Payload/cheDianZhang.app/MJRefresh.bundle/arrow@2x.png ... 
1033 bytes for ./Payload/cheDianZhang.app/MJRefresh.bundle/arrow@2x.png
2017-11-13 01:44:33 +0000  copying file ./Payload/cheDianZhang.app/OEMtest.txt ... 
1270 bytes for ./Payload/cheDianZhang.app/OEMtest.txt
copying file ./Payload/cheDianZhang.app/PkgInfo ... 
8 bytes for ./Payload/cheDianZhang.app/PkgInfo
copying file ./Payload/cheDianZhang.app/pntWTPENPDA.lib ... 
2017-11-13 01:44:33 +0000  2535560 bytes for ./Payload/cheDianZhang.app/pntWTPENPDA.lib
copying file ./Payload/cheDianZhang.app/ProvName.txt ... 
2017-11-13 01:44:33 +0000  72392 bytes for ./Payload/cheDianZhang.app/ProvName.txt
copying file ./Payload/cheDianZhang.app/README.md ... 
2017-11-13 01:44:33 +0000  5316 bytes for ./Payload/cheDianZhang.app/README.md
copying file ./Payload/cheDianZhang.app/SidIssueAuthority.txt ... 
2017-11-13 01:44:33 +0000  59804 bytes for ./Payload/cheDianZhang.app/SidIssueAuthority.txt
copying file ./Payload/cheDianZhang.app/Special.txt ... 
2017-11-13 01:44:33 +0000  628 bytes for ./Payload/cheDianZhang.app/Special.txt
copying file ./Payload/cheDianZhang.app/SZCalendarPicker.nib ... 
2017-11-13 01:44:33 +0000  4770 bytes for ./Payload/cheDianZhang.app/SZCalendarPicker.nib
copying file ./Payload/cheDianZhang.app/thocr_Driver_License.lib ... 
2017-11-13 01:44:33 +0000  97616 bytes for ./Payload/cheDianZhang.app/thocr_Driver_License.lib
copying file ./Payload/cheDianZhang.app/THOCR_LP.lib ... 
2017-11-13 01:44:33 +0000  72800 bytes for ./Payload/cheDianZhang.app/THOCR_LP.lib
copying file ./Payload/cheDianZhang.app/THOCR_Num_Char.lib ... 
2017-11-13 01:44:33 +0000  100154 bytes for ./Payload/cheDianZhang.app/THOCR_Num_Char.lib
copying file ./Payload/cheDianZhang.app/THOCR_PDA.lib ... 
2017-11-13 01:44:33 +0000  129284 bytes for ./Payload/cheDianZhang.app/THOCR_PDA.lib
copying file ./Payload/cheDianZhang.app/THOCR_pspt.lib ... 
2017-11-13 01:44:33 +0000  65776 bytes for ./Payload/cheDianZhang.app/THOCR_pspt.lib
copying file ./Payload/cheDianZhang.app/thocr_sid.lib ... 
2017-11-13 01:44:33 +0000  1139838 bytes for ./Payload/cheDianZhang.app/thocr_sid.lib
copying file ./Payload/cheDianZhang.app/thocr_vl_all.lib ... 
2017-11-13 01:44:33 +0000  1131894 bytes for ./Payload/cheDianZhang.app/thocr_vl_all.lib
copying file ./Payload/cheDianZhang.app/thocr_vl_digit_capitals.lib ... 
2017-11-13 01:44:33 +0000  65300 bytes for ./Payload/cheDianZhang.app/thocr_vl_digit_capitals.lib
copying file ./Payload/cheDianZhang.app/thocr_vl_province.lib ... 
2017-11-13 01:44:33 +0000  62660 bytes for ./Payload/cheDianZhang.app/thocr_vl_province.lib
copying file ./Payload/cheDianZhang.app/wtproject.lsc ... 
2017-11-13 01:44:33 +0000  659 bytes for ./Payload/cheDianZhang.app/wtproject.lsc
2017-11-13 01:44:33 +0000  /usr/bin/ditto exited with 0
2017-11-13 01:44:33 +0000  Processing step: IDEDistributionCreateManifestStep
